epoch,loss,mean_absolute_percentage_error,mean_squared_error,root_mean_squared_error,val_loss,val_mean_absolute_percentage_error,val_mean_squared_error,val_root_mean_squared_error
0,0.3758160471916199,122.53218078613281,0.3758160471916199,0.6130383610725403,0.33670657873153687,100.0,0.33670657873153687,0.5802642107009888
1,0.31881749629974365,102.41301727294922,0.31881749629974365,0.5646392703056335,0.3546725809574127,100.0,0.3546725809574127,0.5955439209938049
2,0.31379783153533936,101.4616928100586,0.31379783153533936,0.5601766109466553,0.35775306820869446,100.0,0.35775306820869446,0.598124623298645
3,0.3072991967201233,100.98616790771484,0.3072991967201233,0.5543457269668579,0.3524130880832672,100.0,0.3524130880832672,0.5936439037322998
4,0.2953633964061737,100.42640686035156,0.2953633964061737,0.543473482131958,0.21838590502738953,48.27864074707031,0.21838590502738953,0.4673177897930145
5,0.23186257481575012,86.46419525146484,0.23186257481575012,0.4815210998058319,0.20443958044052124,74.39327239990234,0.20443961024284363,0.45214998722076416
6,0.17983119189739227,75.16783142089844,0.17983119189739227,0.42406508326530457,0.20473147928714752,70.01214599609375,0.20473147928714752,0.45247262716293335
7,0.17495472729206085,74.7752456665039,0.17495472729206085,0.4182758927345276,0.20221133530139923,80.02593994140625,0.20221132040023804,0.4496791362762451
8,0.17447376251220703,76.66399383544922,0.17447376251220703,0.41770055890083313,0.20429793000221252,74.86727142333984,0.20429793000221252,0.45199328660964966
9,0.17388848960399628,76.55469512939453,0.17388848960399628,0.4169993996620178,0.2042434811592102,74.46359252929688,0.2042434811592102,0.4519330561161041
10,0.17397825419902802,76.67927551269531,0.17397825419902802,0.4171070158481598,0.20399683713912964,78.00760650634766,0.20399683713912964,0.4516600966453552
11,0.17405611276626587,76.82363891601562,0.17405611276626587,0.41720032691955566,0.2049923688173294,68.36068725585938,0.2049923688173294,0.45276081562042236
12,0.17422813177108765,76.47036743164062,0.17422813177108765,0.41740643978118896,0.20405027270317078,87.78700256347656,0.20405027270317078,0.4517192542552948
13,0.17365148663520813,76.80851745605469,0.17365148663520813,0.4167151153087616,0.20392662286758423,77.56514739990234,0.20392662286758423,0.4515823423862457
14,0.17408335208892822,75.22622680664062,0.17408333718776703,0.4172329604625702,0.19715853035449982,81.29936981201172,0.19715853035449982,0.4440253674983978
15,0.17376656830310822,76.56741333007812,0.17376656830310822,0.4168531596660614,0.20459848642349243,68.54974365234375,0.20459848642349243,0.45232564210891724
16,0.17404191195964813,76.91993713378906,0.17404191195964813,0.4171833097934723,0.19960424304008484,74.66071319580078,0.19960421323776245,0.44677087664604187
17,0.1736523061990738,76.09663391113281,0.1736523061990738,0.4167160987854004,0.20403790473937988,75.68548583984375,0.20403793454170227,0.45170557498931885
18,0.17383992671966553,75.51686096191406,0.17383992671966553,0.41694116592407227,0.1812552958726883,78.040771484375,0.1812552958726883,0.4257408678531647
19,0.1731240451335907,76.78345489501953,0.1731240451335907,0.4160817861557007,0.19823788106441498,80.3995361328125,0.19823788106441498,0.4452391266822815
20,0.1733524203300476,76.24346160888672,0.1733524203300476,0.4163561165332794,0.20401157438755035,81.90734100341797,0.20401157438755035,0.4516763985157013
21,0.17323356866836548,76.8110122680664,0.17323356866836548,0.41621336340904236,0.20293666422367096,77.0341567993164,0.20293666422367096,0.4504849314689636
22,0.17302227020263672,75.7217025756836,0.17302227020263672,0.4159594476222992,0.20394955575466156,81.55390167236328,0.20394955575466156,0.45160773396492004
23,0.17320743203163147,75.66493225097656,0.17320743203163147,0.4161819815635681,0.20414863526821136,80.35050964355469,0.20414863526821136,0.45182809233665466
24,0.17324335873126984,76.89237213134766,0.17324335873126984,0.4162251353263855,0.2022513449192047,76.98338317871094,0.2022513449192047,0.44972363114356995
25,0.1729573756456375,76.38782501220703,0.1729573756456375,0.4158814549446106,0.2052873820066452,70.06370544433594,0.2052873820066452,0.4530864953994751
26,0.17299622297286987,75.51580047607422,0.17299622297286987,0.4159281551837921,0.20307834446430206,78.67715454101562,0.20307832956314087,0.4506421387195587
27,0.17262722551822662,76.02608489990234,0.17262722551822662,0.41548433899879456,0.2038644552230835,75.91041564941406,0.2038644552230835,0.45151352882385254
28,0.17273403704166412,75.61830139160156,0.17273403704166412,0.4156128466129303,0.20403903722763062,74.53919219970703,0.20403903722763062,0.45170679688453674
29,0.17278215289115906,77.05741119384766,0.17278215289115906,0.4156707227230072,0.1995023638010025,74.61185455322266,0.1995023638010025,0.44665688276290894
30,0.17236250638961792,75.57703399658203,0.17236250638961792,0.41516563296318054,0.2032187283039093,77.34651947021484,0.2032187283039093,0.4507978856563568
31,0.1725238710641861,75.87564849853516,0.1725238710641861,0.4153599441051483,0.20323306322097778,77.99393463134766,0.20323306322097778,0.45081377029418945
32,0.17263570427894592,76.46123504638672,0.17263570427894592,0.41549453139305115,0.20372921228408813,75.87980651855469,0.20372922718524933,0.451363742351532
33,0.17266227304935455,75.31790161132812,0.17266228795051575,0.41552650928497314,0.20229819416999817,82.6790771484375,0.20229817926883698,0.44977569580078125
34,0.1722956895828247,76.16935729980469,0.1722956895828247,0.41508516669273376,0.1848049908876419,78.96392059326172,0.1848049908876419,0.4298895001411438
35,0.17251372337341309,76.45732116699219,0.17251372337341309,0.41534772515296936,0.20238861441612244,74.91548156738281,0.20238861441612244,0.44987621903419495
36,0.17237770557403564,75.3547592163086,0.17237770557403564,0.4151839315891266,0.20376291871070862,77.7615737915039,0.20376291871070862,0.4514010548591614
37,0.17251354455947876,75.92259216308594,0.17251354455947876,0.41534748673439026,0.20344215631484985,78.28518676757812,0.20344217121601105,0.4510456323623657
38,0.172140970826149,74.97096252441406,0.172140970826149,0.41489875316619873,0.20358289778232574,84.61768341064453,0.20358289778232574,0.4512016177177429
39,0.17251545190811157,77.2940444946289,0.17251545190811157,0.4153497815132141,0.2042006403207779,75.70268249511719,0.2042006403207779,0.4518856406211853
40,0.17232726514339447,75.56423950195312,0.17232728004455566,0.41512322425842285,0.19934877753257751,79.76410675048828,0.19934877753257751,0.44648492336273193
41,0.17263832688331604,76.41089630126953,0.17263832688331604,0.41549769043922424,0.20355141162872314,77.53406524658203,0.20355141162872314,0.45116671919822693
42,0.17191115021705627,75.49788665771484,0.17191115021705627,0.4146216809749603,0.20368291437625885,76.88276672363281,0.20368291437625885,0.45131242275238037
43,0.172166109085083,76.51946258544922,0.172166109085083,0.41492903232574463,0.2038886994123459,75.71281433105469,0.2038886994123459,0.45154035091400146
44,0.17233970761299133,75.97706604003906,0.17233973741531372,0.41513821482658386,0.20327813923358917,76.806640625,0.20327813923358917,0.450863778591156
45,0.17196884751319885,75.51914978027344,0.17196884751319885,0.4146912693977356,0.20372934639453888,78.5269546508789,0.20372934639453888,0.45136386156082153
46,0.17244713008403778,75.75206756591797,0.17244713008403778,0.4152675271034241,0.20360016822814941,78.33467864990234,0.20360016822814941,0.4512207508087158
47,0.17246289551258087,75.6280288696289,0.17246289551258087,0.41528651118278503,0.20337118208408356,78.65856170654297,0.20337118208408356,0.4509669542312622
48,0.17209410667419434,75.97232818603516,0.17209410667419434,0.41484227776527405,0.20208482444286346,77.55159759521484,0.20208482444286346,0.4495384693145752
